INFO 2024-11-18 00:07:12,753 autoreload Watching for file changes with StatReloader
INFO 2024-11-18 00:11:41,171 autoreload Watching for file changes with StatReloader
WARNING 2024-11-18 00:11:43,293 basehttp "GET / HTTP/1.1" 404 2525
WARNING 2024-11-18 00:11:43,333 basehttp "GET /favicon.ico HTTP/1.1" 404 2576
INFO 2024-11-18 00:17:45,004 autoreload Watching for file changes with StatReloader
WARNING 2024-11-18 00:17:46,519 basehttp "GET / HTTP/1.1" 404 2795
INFO 2024-11-18 00:27:54,279 autoreload Watching for file changes with StatReloader
WARNING 2024-11-18 00:27:55,578 basehttp "GET / HTTP/1.1" 404 2795
INFO 2024-11-18 00:28:04,244 basehttp "GET /admin HTTP/1.1" 301 0
INFO 2024-11-18 00:28:04,268 basehttp "GET /admin/ HTTP/1.1" 302 0
INFO 2024-11-18 00:28:04,291 basehttp "GET /admin/login/?next=/admin/ HTTP/1.1" 200 4157
INFO 2024-11-18 00:28:04,429 basehttp "GET /static/admin/css/responsive.css HTTP/1.1" 200 17972
INFO 2024-11-18 00:28:04,429 basehttp "GET /static/admin/css/dark_mode.css HTTP/1.1" 200 2804
INFO 2024-11-18 00:28:04,432 basehttp "GET /static/admin/css/nav_sidebar.css HTTP/1.1" 200 2810
INFO 2024-11-18 00:28:04,434 basehttp "GET /static/admin/css/login.css HTTP/1.1" 200 951
INFO 2024-11-18 00:28:04,436 basehttp "GET /static/admin/css/base.css HTTP/1.1" 200 22092
INFO 2024-11-18 00:28:04,437 basehttp "GET /static/admin/js/theme.js HTTP/1.1" 200 1653
INFO 2024-11-18 00:28:04,438 basehttp "GET /static/admin/js/nav_sidebar.js HTTP/1.1" 200 3063
INFO 2024-11-18 00:28:21,633 basehttp "POST /admin/login/?next=/admin/ HTTP/1.1" 200 4319
INFO 2024-11-18 00:28:32,692 signals User logged in: f_kuanysh@kbtu.kz
INFO 2024-11-18 00:28:32,697 basehttp "POST /admin/login/?next=/admin/ HTTP/1.1" 302 0
INFO 2024-11-18 00:28:32,716 basehttp "GET /admin/ HTTP/1.1" 200 15633
INFO 2024-11-18 00:28:32,727 basehttp "GET /static/admin/css/dashboard.css HTTP/1.1" 200 441
INFO 2024-11-18 00:28:32,733 basehttp "GET /static/admin/img/icon-changelink.svg HTTP/1.1" 200 380
INFO 2024-11-18 00:28:32,733 basehttp "GET /static/admin/img/icon-addlink.svg HTTP/1.1" 200 331
INFO 2024-11-18 23:23:55,469 autoreload Watching for file changes with StatReloader
INFO 2024-11-18 23:48:52,251 autoreload Watching for file changes with StatReloader
INFO 2024-11-18 23:49:16,524 autoreload C:\Users\f_kua\Downloads\Django\StudentManagementSystem\StudentManagementSystem\settings.py changed, reloading.
INFO 2024-11-18 23:49:19,313 autoreload Watching for file changes with StatReloader
INFO 2024-11-18 23:49:49,183 autoreload C:\Users\f_kua\Downloads\Django\StudentManagementSystem\StudentManagementSystem\settings.py changed, reloading.
INFO 2024-11-18 23:49:51,679 autoreload Watching for file changes with StatReloader
INFO 2024-11-18 23:50:01,250 autoreload Watching for file changes with StatReloader
INFO 2024-11-18 23:53:58,553 autoreload Watching for file changes with StatReloader
INFO 2024-11-18 23:54:48,615 autoreload C:\Users\f_kua\Downloads\Django\StudentManagementSystem\StudentManagementSystem\settings.py changed, reloading.
INFO 2024-11-18 23:54:56,216 autoreload Watching for file changes with StatReloader
INFO 2024-11-18 23:56:26,346 autoreload Watching for file changes with StatReloader
